Status: 200
Ultima requisição: Thu Feb 24 16:53:34 2022
GET /20 HTTP/1.1
Host: localhost:8000
User-Agent: insomnia/2021.7.2
Accept: */*

Status: 200
Ultima requisição: Thu Feb 24 16:53:45 2022
GET /4 HTTP/1.1
Host: localhost:8000
User-Agent: insomnia/2021.7.2
Accept: */*

Status: 200
Ultima requisição: Thu Feb 24 16:53:54 2022
POST /4 HTTP/1.1
Host: localhost:8000
User-Agent: insomnia/2021.7.2
Accept: */*
Content-Length: 0

Status: 200
Ultima requisição: Thu Feb 24 16:54:04 2022
DELETE /20 HTTP/1.1
Host: localhost:8000
User-Agent: insomnia/2021.7.2
Accept: */*

Status: 200
Ultima requisição: Thu Feb 24 16:54:19 2022
POST /4 HTTP/1.1
Host: localhost:8000
User-Agent: insomnia/2021.7.2
Accept: */*
Content-Length: 0

Status: 200
Ultima requisição: Thu Feb 24 16:55:30 2022
POST / HTTP/1.1
Host: localhost:8000
User-Agent: insomnia/2021.7.2
Accept: */*
Content-Length: 0

Status: 200
Ultima requisição: Thu Feb 24 16:55:35 2022
POST / HTTP/1.1
Host: localhost:8000
User-Agent: insomnia/2021.7.2
Accept: */*
Content-Length: 0

Status: 200
Ultima requisição: Thu Feb 24 16:55:54 2022
POST / HTTP/1.1
Host: localhost:8000
User-Agent: insomnia/2021.7.2
Accept: */*
Content-Length: 0

Status: 200
Ultima requisição: Thu Feb 24 16:55:54 2022
POST / HTTP/1.1
Host: localhost:8000
User-Agent: insomnia/2021.7.2
Accept: */*
Content-Length: 0

Status: 200
Ultima requisição: Thu Feb 24 16:55:54 2022
POST / HTTP/1.1
Host: localhost:8000
User-Agent: insomnia/2021.7.2
Accept: */*
Content-Length: 0

Status: 200
Ultima requisição: Thu Feb 24 16:55:55 2022
POST / HTTP/1.1
Host: localhost:8000
User-Agent: insomnia/2021.7.2
Accept: */*
Content-Length: 0

Status: 200
Ultima requisição: Thu Feb 24 16:55:55 2022
POST / HTTP/1.1
Host: localhost:8000
User-Agent: insomnia/2021.7.2
Accept: */*
Content-Length: 0

Status: 200
Ultima requisição: Thu Feb 24 16:55:56 2022
POST / HTTP/1.1
Host: localhost:8000
User-Agent: insomnia/2021.7.2
Accept: */*
Content-Length: 0

Status: 200
Ultima requisição: Thu Feb 24 16:55:56 2022
POST / HTTP/1.1
Host: localhost:8000
User-Agent: insomnia/2021.7.2
Accept: */*
Content-Length: 0

Status: 200
Ultima requisição: Thu Feb 24 16:55:56 2022
POST / HTTP/1.1
Host: localhost:8000
User-Agent: insomnia/2021.7.2
Accept: */*
Content-Length: 0

Status: 200
Ultima requisição: Thu Feb 24 16:55:57 2022
POST / HTTP/1.1
Host: localhost:8000
User-Agent: insomnia/2021.7.2
Accept: */*
Content-Length: 0

Status: 200
Ultima requisição: Thu Feb 24 16:55:57 2022
POST / HTTP/1.1
Host: localhost:8000
User-Agent: insomnia/2021.7.2
Accept: */*
Content-Length: 0

Status: 200
Ultima requisição: Thu Feb 24 16:55:57 2022
POST / HTTP/1.1
Host: localhost:8000
User-Agent: insomnia/2021.7.2
Accept: */*
Content-Length: 0

Status: 200
Ultima requisição: Thu Feb 24 16:55:57 2022
POST / HTTP/1.1
Host: localhost:8000
User-Agent: insomnia/2021.7.2
Accept: */*
Content-Length: 0

Status: 200
Ultima requisição: Thu Feb 24 16:55:57 2022
POST / HTTP/1.1
Host: localhost:8000
User-Agent: insomnia/2021.7.2
Accept: */*
Content-Length: 0

Status: 200
Ultima requisição: Thu Feb 24 16:55:58 2022
POST / HTTP/1.1
Host: localhost:8000
User-Agent: insomnia/2021.7.2
Accept: */*
Content-Length: 0

Status: 200
Ultima requisição: Thu Feb 24 16:55:58 2022
POST / HTTP/1.1
Host: localhost:8000
User-Agent: insomnia/2021.7.2
Accept: */*
Content-Length: 0

Status: 200
Ultima requisição: Thu Feb 24 16:55:58 2022
POST / HTTP/1.1
Host: localhost:8000
User-Agent: insomnia/2021.7.2
Accept: */*
Content-Length: 0

Status: 200
Ultima requisição: Thu Feb 24 16:55:58 2022
POST / HTTP/1.1
Host: localhost:8000
User-Agent: insomnia/2021.7.2
Accept: */*
Content-Length: 0

Status: 200
Ultima requisição: Thu Feb 24 16:55:58 2022
POST / HTTP/1.1
Host: localhost:8000
User-Agent: insomnia/2021.7.2
Accept: */*
Content-Length: 0

Status: 200
Ultima requisição: Thu Feb 24 16:55:59 2022
POST / HTTP/1.1
Host: localhost:8000
User-Agent: insomnia/2021.7.2
Accept: */*
Content-Length: 0

Status: 200
Ultima requisição: Thu Feb 24 16:56:01 2022
POST / HTTP/1.1
Host: localhost:8000
User-Agent: insomnia/2021.7.2
Accept: */*
Content-Length: 0

Status: 200
Ultima requisição: Thu Feb 24 16:56:01 2022
POST / HTTP/1.1
Host: localhost:8000
User-Agent: insomnia/2021.7.2
Accept: */*
Content-Length: 0

Status: 200
Ultima requisição: Thu Feb 24 16:56:02 2022
POST / HTTP/1.1
Host: localhost:8000
User-Agent: insomnia/2021.7.2
Accept: */*
Content-Length: 0

Status: 200
Ultima requisição: Thu Feb 24 16:56:02 2022
POST / HTTP/1.1
Host: localhost:8000
User-Agent: insomnia/2021.7.2
Accept: */*
Content-Length: 0

Status: 200
Ultima requisição: Thu Feb 24 16:56:02 2022
POST / HTTP/1.1
Host: localhost:8000
User-Agent: insomnia/2021.7.2
Accept: */*
Content-Length: 0

Status: 200
Ultima requisição: Thu Feb 24 16:56:02 2022
POST / HTTP/1.1
Host: localhost:8000
User-Agent: insomnia/2021.7.2
Accept: */*
Content-Length: 0

Status: 200
Ultima requisição: Thu Feb 24 16:56:02 2022
POST / HTTP/1.1
Host: localhost:8000
User-Agent: insomnia/2021.7.2
Accept: */*
Content-Length: 0

Status: 200
Ultima requisição: Thu Feb 24 16:56:02 2022
POST / HTTP/1.1
Host: localhost:8000
User-Agent: insomnia/2021.7.2
Accept: */*
Content-Length: 0

Status: 200
Ultima requisição: Thu Feb 24 16:56:02 2022
POST / HTTP/1.1
Host: localhost:8000
User-Agent: insomnia/2021.7.2
Accept: */*
Content-Length: 0

Status: 200
Ultima requisição: Thu Feb 24 16:56:03 2022
POST / HTTP/1.1
Host: localhost:8000
User-Agent: insomnia/2021.7.2
Accept: */*
Content-Length: 0

Status: 200
Ultima requisição: Thu Feb 24 16:56:03 2022
POST / HTTP/1.1
Host: localhost:8000
User-Agent: insomnia/2021.7.2
Accept: */*
Content-Length: 0

Status: 200
Ultima requisição: Thu Feb 24 16:56:03 2022
POST / HTTP/1.1
Host: localhost:8000
User-Agent: insomnia/2021.7.2
Accept: */*
Content-Length: 0

Status: 200
Ultima requisição: Thu Feb 24 16:56:03 2022
POST / HTTP/1.1
Host: localhost:8000
User-Agent: insomnia/2021.7.2
Accept: */*
Content-Length: 0

Status: 200
Ultima requisição: Thu Feb 24 16:56:03 2022
POST / HTTP/1.1
Host: localhost:8000
User-Agent: insomnia/2021.7.2
Accept: */*
Content-Length: 0

Status: 200
Ultima requisição: Thu Feb 24 16:56:03 2022
POST / HTTP/1.1
Host: localhost:8000
User-Agent: insomnia/2021.7.2
Accept: */*
Content-Length: 0

Status: 200
Ultima requisição: Thu Feb 24 16:56:03 2022
POST / HTTP/1.1
Host: localhost:8000
User-Agent: insomnia/2021.7.2
Accept: */*
Content-Length: 0

Status: 200
Ultima requisição: Thu Feb 24 16:56:03 2022
POST / HTTP/1.1
Host: localhost:8000
User-Agent: insomnia/2021.7.2
Accept: */*
Content-Length: 0

Status: 200
Ultima requisição: Thu Feb 24 16:56:04 2022
POST / HTTP/1.1
Host: localhost:8000
User-Agent: insomnia/2021.7.2
Accept: */*
Content-Length: 0

Status: 200
Ultima requisição: Thu Feb 24 16:56:04 2022
POST / HTTP/1.1
Host: localhost:8000
User-Agent: insomnia/2021.7.2
Accept: */*
Content-Length: 0

Status: 200
Ultima requisição: Thu Feb 24 16:56:04 2022
POST / HTTP/1.1
Host: localhost:8000
User-Agent: insomnia/2021.7.2
Accept: */*
Content-Length: 0

Status: 200
Ultima requisição: Thu Feb 24 16:56:04 2022
POST / HTTP/1.1
Host: localhost:8000
User-Agent: insomnia/2021.7.2
Accept: */*
Content-Length: 0

Status: 200
Ultima requisição: Thu Feb 24 16:56:04 2022
POST / HTTP/1.1
Host: localhost:8000
User-Agent: insomnia/2021.7.2
Accept: */*
Content-Length: 0

Status: 200
Ultima requisição: Thu Feb 24 16:56:04 2022
POST / HTTP/1.1
Host: localhost:8000
User-Agent: insomnia/2021.7.2
Accept: */*
Content-Length: 0

Status: 200
Ultima requisição: Thu Feb 24 16:56:04 2022
POST / HTTP/1.1
Host: localhost:8000
User-Agent: insomnia/2021.7.2
Accept: */*
Content-Length: 0

Status: 200
Ultima requisição: Thu Feb 24 16:56:04 2022
POST / HTTP/1.1
Host: localhost:8000
User-Agent: insomnia/2021.7.2
Accept: */*
Content-Length: 0

Status: 200
Ultima requisição: Thu Feb 24 16:56:04 2022
POST / HTTP/1.1
Host: localhost:8000
User-Agent: insomnia/2021.7.2
Accept: */*
Content-Length: 0

Status: 200
Ultima requisição: Thu Feb 24 16:56:05 2022
POST / HTTP/1.1
Host: localhost:8000
User-Agent: insomnia/2021.7.2
Accept: */*
Content-Length: 0

Status: 200
Ultima requisição: Thu Feb 24 16:56:05 2022
POST / HTTP/1.1
Host: localhost:8000
User-Agent: insomnia/2021.7.2
Accept: */*
Content-Length: 0

Status: 200
Ultima requisição: Thu Feb 24 16:56:05 2022
POST / HTTP/1.1
Host: localhost:8000
User-Agent: insomnia/2021.7.2
Accept: */*
Content-Length: 0

Status: 200
Ultima requisição: Thu Feb 24 16:56:05 2022
POST / HTTP/1.1
Host: localhost:8000
User-Agent: insomnia/2021.7.2
Accept: */*
Content-Length: 0

Status: 200
Ultima requisição: Thu Feb 24 16:56:05 2022
POST / HTTP/1.1
Host: localhost:8000
User-Agent: insomnia/2021.7.2
Accept: */*
Content-Length: 0

Status: 200
Ultima requisição: Thu Feb 24 16:56:06 2022
POST / HTTP/1.1
Host: localhost:8000
User-Agent: insomnia/2021.7.2
Accept: */*
Content-Length: 0

Status: 200
Ultima requisição: Thu Feb 24 16:56:06 2022
POST / HTTP/1.1
Host: localhost:8000
User-Agent: insomnia/2021.7.2
Accept: */*
Content-Length: 0

Status: 200
Ultima requisição: Thu Feb 24 16:56:06 2022
POST / HTTP/1.1
Host: localhost:8000
User-Agent: insomnia/2021.7.2
Accept: */*
Content-Length: 0

Status: 200
Ultima requisição: Thu Feb 24 16:56:06 2022
POST / HTTP/1.1
Host: localhost:8000
User-Agent: insomnia/2021.7.2
Accept: */*
Content-Length: 0

Status: 200
Ultima requisição: Thu Feb 24 16:56:06 2022
POST / HTTP/1.1
Host: localhost:8000
User-Agent: insomnia/2021.7.2
Accept: */*
Content-Length: 0

Status: 200
Ultima requisição: Thu Feb 24 16:56:06 2022
POST / HTTP/1.1
Host: localhost:8000
User-Agent: insomnia/2021.7.2
Accept: */*
Content-Length: 0

Status: 200
Ultima requisição: Thu Feb 24 16:56:06 2022
POST / HTTP/1.1
Host: localhost:8000
User-Agent: insomnia/2021.7.2
Accept: */*
Content-Length: 0

Status: 200
Ultima requisição: Thu Feb 24 16:56:07 2022
POST / HTTP/1.1
Host: localhost:8000
User-Agent: insomnia/2021.7.2
Accept: */*
Content-Length: 0

Status: 200
Ultima requisição: Thu Feb 24 16:56:07 2022
POST / HTTP/1.1
Host: localhost:8000
User-Agent: insomnia/2021.7.2
Accept: */*
Content-Length: 0

Status: 200
Ultima requisição: Thu Feb 24 16:56:07 2022
POST / HTTP/1.1
Host: localhost:8000
User-Agent: insomnia/2021.7.2
Accept: */*
Content-Length: 0

Status: 200
Ultima requisição: Thu Feb 24 16:56:07 2022
POST / HTTP/1.1
Host: localhost:8000
User-Agent: insomnia/2021.7.2
Accept: */*
Content-Length: 0

Status: 200
Ultima requisição: Thu Feb 24 16:56:07 2022
POST / HTTP/1.1
Host: localhost:8000
User-Agent: insomnia/2021.7.2
Accept: */*
Content-Length: 0

Status: 200
Ultima requisição: Thu Feb 24 16:56:07 2022
POST / HTTP/1.1
Host: localhost:8000
User-Agent: insomnia/2021.7.2
Accept: */*
Content-Length: 0

Status: 200
Ultima requisição: Thu Feb 24 16:56:07 2022
POST / HTTP/1.1
Host: localhost:8000
User-Agent: insomnia/2021.7.2
Accept: */*
Content-Length: 0

Status: 200
Ultima requisição: Thu Feb 24 16:56:08 2022
POST / HTTP/1.1
Host: localhost:8000
User-Agent: insomnia/2021.7.2
Accept: */*
Content-Length: 0

Status: 200
Ultima requisição: Thu Feb 24 16:56:08 2022
POST / HTTP/1.1
Host: localhost:8000
User-Agent: insomnia/2021.7.2
Accept: */*
Content-Length: 0

Status: 200
Ultima requisição: Thu Feb 24 16:56:08 2022
POST / HTTP/1.1
Host: localhost:8000
User-Agent: insomnia/2021.7.2
Accept: */*
Content-Length: 0

Status: 200
Ultima requisição: Thu Feb 24 16:56:08 2022
POST / HTTP/1.1
Host: localhost:8000
User-Agent: insomnia/2021.7.2
Accept: */*
Content-Length: 0

Status: 200
Ultima requisição: Thu Feb 24 16:56:08 2022
POST / HTTP/1.1
Host: localhost:8000
User-Agent: insomnia/2021.7.2
Accept: */*
Content-Length: 0

Status: 200
Ultima requisição: Thu Feb 24 16:56:08 2022
POST / HTTP/1.1
Host: localhost:8000
User-Agent: insomnia/2021.7.2
Accept: */*
Content-Length: 0

Status: 200
Ultima requisição: Thu Feb 24 16:56:08 2022
POST / HTTP/1.1
Host: localhost:8000
User-Agent: insomnia/2021.7.2
Accept: */*
Content-Length: 0

Status: 200
Ultima requisição: Thu Feb 24 16:56:08 2022
POST / HTTP/1.1
Host: localhost:8000
User-Agent: insomnia/2021.7.2
Accept: */*
Content-Length: 0

Status: 200
Ultima requisição: Thu Feb 24 16:56:08 2022
POST / HTTP/1.1
Host: localhost:8000
User-Agent: insomnia/2021.7.2
Accept: */*
Content-Length: 0

Status: 200
Ultima requisição: Thu Feb 24 16:56:08 2022
POST / HTTP/1.1
Host: localhost:8000
User-Agent: insomnia/2021.7.2
Accept: */*
Content-Length: 0

Status: 200
Ultima requisição: Thu Feb 24 16:56:08 2022
POST / HTTP/1.1
Host: localhost:8000
User-Agent: insomnia/2021.7.2
Accept: */*
Content-Length: 0

Status: 200
Ultima requisição: Thu Feb 24 16:56:08 2022
POST / HTTP/1.1
Host: localhost:8000
User-Agent: insomnia/2021.7.2
Accept: */*
Content-Length: 0

Status: 200
Ultima requisição: Thu Feb 24 16:56:08 2022
POST / HTTP/1.1
Host: localhost:8000
User-Agent: insomnia/2021.7.2
Accept: */*
Content-Length: 0

Status: 200
Ultima requisição: Thu Feb 24 16:56:08 2022
POST / HTTP/1.1
Host: localhost:8000
User-Agent: insomnia/2021.7.2
Accept: */*
Content-Length: 0

Status: 200
Ultima requisição: Thu Feb 24 16:56:09 2022
POST / HTTP/1.1
Host: localhost:8000
User-Agent: insomnia/2021.7.2
Accept: */*
Content-Length: 0

Status: 200
Ultima requisição: Thu Feb 24 16:56:09 2022
POST / HTTP/1.1
Host: localhost:8000
User-Agent: insomnia/2021.7.2
Accept: */*
Content-Length: 0

Status: 200
Ultima requisição: Thu Feb 24 16:56:09 2022
POST / HTTP/1.1
Host: localhost:8000
User-Agent: insomnia/2021.7.2
Accept: */*
Content-Length: 0

Status: 200
Ultima requisição: Thu Feb 24 16:56:09 2022
POST / HTTP/1.1
Host: localhost:8000
User-Agent: insomnia/2021.7.2
Accept: */*
Content-Length: 0

Status: 200
Ultima requisição: Thu Feb 24 16:56:10 2022
POST / HTTP/1.1
Host: localhost:8000
User-Agent: insomnia/2021.7.2
Accept: */*
Content-Length: 0

Status: 200
Ultima requisição: Thu Feb 24 16:56:10 2022
POST / HTTP/1.1
Host: localhost:8000
User-Agent: insomnia/2021.7.2
Accept: */*
Content-Length: 0

Status: 200
Ultima requisição: Thu Feb 24 16:56:10 2022
POST / HTTP/1.1
Host: localhost:8000
User-Agent: insomnia/2021.7.2
Accept: */*
Content-Length: 0

Status: 200
Ultima requisição: Thu Feb 24 16:56:10 2022
POST / HTTP/1.1
Host: localhost:8000
User-Agent: insomnia/2021.7.2
Accept: */*
Content-Length: 0

Status: 200
Ultima requisição: Thu Feb 24 16:56:10 2022
POST / HTTP/1.1
Host: localhost:8000
User-Agent: insomnia/2021.7.2
Accept: */*
Content-Length: 0

Status: 200
Ultima requisição: Thu Feb 24 16:56:10 2022
POST / HTTP/1.1
Host: localhost:8000
User-Agent: insomnia/2021.7.2
Accept: */*
Content-Length: 0

Status: 200
Ultima requisição: Thu Feb 24 16:56:10 2022
POST / HTTP/1.1
Host: localhost:8000
User-Agent: insomnia/2021.7.2
Accept: */*
Content-Length: 0

Status: 200
Ultima requisição: Thu Feb 24 16:56:10 2022
POST / HTTP/1.1
Host: localhost:8000
User-Agent: insomnia/2021.7.2
Accept: */*
Content-Length: 0

Status: 200
Ultima requisição: Thu Feb 24 16:56:10 2022
POST / HTTP/1.1
Host: localhost:8000
User-Agent: insomnia/2021.7.2
Accept: */*
Content-Length: 0

Status: 200
Ultima requisição: Thu Feb 24 16:56:11 2022
POST / HTTP/1.1
Host: localhost:8000
User-Agent: insomnia/2021.7.2
Accept: */*
Content-Length: 0

Status: 200
Ultima requisição: Thu Feb 24 16:56:11 2022
POST / HTTP/1.1
Host: localhost:8000
User-Agent: insomnia/2021.7.2
Accept: */*
Content-Length: 0

Status: 200
Ultima requisição: Thu Feb 24 16:56:11 2022
POST / HTTP/1.1
Host: localhost:8000
User-Agent: insomnia/2021.7.2
Accept: */*
Content-Length: 0

Status: 200
Ultima requisição: Thu Feb 24 16:56:11 2022
POST / HTTP/1.1
Host: localhost:8000
User-Agent: insomnia/2021.7.2
Accept: */*
Content-Length: 0

Status: 200
Ultima requisição: Thu Feb 24 16:56:11 2022
POST / HTTP/1.1
Host: localhost:8000
User-Agent: insomnia/2021.7.2
Accept: */*
Content-Length: 0

Status: 200
Ultima requisição: Thu Feb 24 16:56:12 2022
POST / HTTP/1.1
Host: localhost:8000
User-Agent: insomnia/2021.7.2
Accept: */*
Content-Length: 0

Status: 200
Ultima requisição: Thu Feb 24 16:56:12 2022
POST / HTTP/1.1
Host: localhost:8000
User-Agent: insomnia/2021.7.2
Accept: */*
Content-Length: 0

Status: 200
Ultima requisição: Thu Feb 24 16:56:12 2022
POST / HTTP/1.1
Host: localhost:8000
User-Agent: insomnia/2021.7.2
Accept: */*
Content-Length: 0

Status: 200
Ultima requisição: Thu Feb 24 16:56:12 2022
POST / HTTP/1.1
Host: localhost:8000
User-Agent: insomnia/2021.7.2
Accept: */*
Content-Length: 0

Status: 200
Ultima requisição: Thu Feb 24 16:56:12 2022
POST / HTTP/1.1
Host: localhost:8000
User-Agent: insomnia/2021.7.2
Accept: */*
Content-Length: 0

Status: 200
Ultima requisição: Thu Feb 24 16:56:12 2022
POST / HTTP/1.1
Host: localhost:8000
User-Agent: insomnia/2021.7.2
Accept: */*
Content-Length: 0

Status: 200
Ultima requisição: Thu Feb 24 16:56:12 2022
POST / HTTP/1.1
Host: localhost:8000
User-Agent: insomnia/2021.7.2
Accept: */*
Content-Length: 0

Status: 200
Ultima requisição: Thu Feb 24 16:56:12 2022
POST / HTTP/1.1
Host: localhost:8000
User-Agent: insomnia/2021.7.2
Accept: */*
Content-Length: 0

Status: 200
Ultima requisição: Thu Feb 24 16:56:12 2022
POST / HTTP/1.1
Host: localhost:8000
User-Agent: insomnia/2021.7.2
Accept: */*
Content-Length: 0

Status: 200
Ultima requisição: Thu Feb 24 16:56:12 2022
POST / HTTP/1.1
Host: localhost:8000
User-Agent: insomnia/2021.7.2
Accept: */*
Content-Length: 0

Status: 200
Ultima requisição: Thu Feb 24 16:56:12 2022
POST / HTTP/1.1
Host: localhost:8000
User-Agent: insomnia/2021.7.2
Accept: */*
Content-Length: 0

Status: 200
Ultima requisição: Thu Feb 24 16:56:13 2022
POST / HTTP/1.1
Host: localhost:8000
User-Agent: insomnia/2021.7.2
Accept: */*
Content-Length: 0

Status: 200
Ultima requisição: Thu Feb 24 16:56:13 2022
POST / HTTP/1.1
Host: localhost:8000
User-Agent: insomnia/2021.7.2
Accept: */*
Content-Length: 0

Status: 200
Ultima requisição: Thu Feb 24 16:56:13 2022
POST / HTTP/1.1
Host: localhost:8000
User-Agent: insomnia/2021.7.2
Accept: */*
Content-Length: 0

Status: 200
Ultima requisição: Thu Feb 24 16:56:13 2022
POST / HTTP/1.1
Host: localhost:8000
User-Agent: insomnia/2021.7.2
Accept: */*
Content-Length: 0

Status: 200
Ultima requisição: Thu Feb 24 16:56:13 2022
POST / HTTP/1.1
Host: localhost:8000
User-Agent: insomnia/2021.7.2
Accept: */*
Content-Length: 0

Status: 200
Ultima requisição: Thu Feb 24 16:56:13 2022
POST / HTTP/1.1
Host: localhost:8000
User-Agent: insomnia/2021.7.2
Accept: */*
Content-Length: 0

Status: 200
Ultima requisição: Thu Feb 24 16:56:13 2022
POST / HTTP/1.1
Host: localhost:8000
User-Agent: insomnia/2021.7.2
Accept: */*
Content-Length: 0

Status: 200
Ultima requisição: Thu Feb 24 16:56:13 2022
POST / HTTP/1.1
Host: localhost:8000
User-Agent: insomnia/2021.7.2
Accept: */*
Content-Length: 0

Status: 200
Ultima requisição: Thu Feb 24 16:56:13 2022
POST / HTTP/1.1
Host: localhost:8000
User-Agent: insomnia/2021.7.2
Accept: */*
Content-Length: 0

Status: 200
Ultima requisição: Thu Feb 24 16:56:13 2022
POST / HTTP/1.1
Host: localhost:8000
User-Agent: insomnia/2021.7.2
Accept: */*
Content-Length: 0

Status: 200
Ultima requisição: Thu Feb 24 16:56:13 2022
POST / HTTP/1.1
Host: localhost:8000
User-Agent: insomnia/2021.7.2
Accept: */*
Content-Length: 0

Status: 200
Ultima requisição: Thu Feb 24 16:56:13 2022
POST / HTTP/1.1
Host: localhost:8000
User-Agent: insomnia/2021.7.2
Accept: */*
Content-Length: 0

Status: 200
Ultima requisição: Thu Feb 24 16:56:18 2022
POST /20 HTTP/1.1
Host: localhost:8000
User-Agent: insomnia/2021.7.2
Accept: */*
Content-Length: 0

Status: 200
Ultima requisição: Thu Feb 24 16:56:19 2022
POST /20 HTTP/1.1
Host: localhost:8000
User-Agent: insomnia/2021.7.2
Accept: */*
Content-Length: 0

Status: 200
Ultima requisição: Thu Feb 24 16:56:19 2022
POST /20 HTTP/1.1
Host: localhost:8000
User-Agent: insomnia/2021.7.2
Accept: */*
Content-Length: 0

Status: 200
Ultima requisição: Thu Feb 24 16:56:19 2022
POST /20 HTTP/1.1
Host: localhost:8000
User-Agent: insomnia/2021.7.2
Accept: */*
Content-Length: 0

Status: 200
Ultima requisição: Thu Feb 24 16:56:19 2022
POST /20 HTTP/1.1
Host: localhost:8000
User-Agent: insomnia/2021.7.2
Accept: */*
Content-Length: 0

Status: 200
Ultima requisição: Thu Feb 24 16:56:19 2022
POST /20 HTTP/1.1
Host: localhost:8000
User-Agent: insomnia/2021.7.2
Accept: */*
Content-Length: 0

Status: 200
Ultima requisição: Thu Feb 24 16:56:19 2022
POST /20 HTTP/1.1
Host: localhost:8000
User-Agent: insomnia/2021.7.2
Accept: */*
Content-Length: 0

Status: 200
Ultima requisição: Thu Feb 24 16:56:20 2022
POST /20 HTTP/1.1
Host: localhost:8000
User-Agent: insomnia/2021.7.2
Accept: */*
Content-Length: 0

Status: 200
Ultima requisição: Thu Feb 24 16:56:20 2022
POST /20 HTTP/1.1
Host: localhost:8000
User-Agent: insomnia/2021.7.2
Accept: */*
Content-Length: 0

Status: 200
Ultima requisição: Thu Feb 24 16:56:20 2022
POST /20 HTTP/1.1
Host: localhost:8000
User-Agent: insomnia/2021.7.2
Accept: */*
Content-Length: 0

Status: 200
Ultima requisição: Thu Feb 24 16:56:20 2022
POST /20 HTTP/1.1
Host: localhost:8000
User-Agent: insomnia/2021.7.2
Accept: */*
Content-Length: 0

Status: 200
Ultima requisição: Thu Feb 24 16:56:20 2022
POST /20 HTTP/1.1
Host: localhost:8000
User-Agent: insomnia/2021.7.2
Accept: */*
Content-Length: 0

Status: 200
Ultima requisição: Thu Feb 24 16:56:20 2022
POST /20 HTTP/1.1
Host: localhost:8000
User-Agent: insomnia/2021.7.2
Accept: */*
Content-Length: 0

Status: 200
Ultima requisição: Thu Feb 24 16:56:20 2022
POST /20 HTTP/1.1
Host: localhost:8000
User-Agent: insomnia/2021.7.2
Accept: */*
Content-Length: 0

Status: 200
Ultima requisição: Thu Feb 24 16:56:20 2022
POST /20 HTTP/1.1
Host: localhost:8000
User-Agent: insomnia/2021.7.2
Accept: */*
Content-Length: 0

Status: 200
Ultima requisição: Thu Feb 24 16:56:20 2022
POST /20 HTTP/1.1
Host: localhost:8000
User-Agent: insomnia/2021.7.2
Accept: */*
Content-Length: 0

Status: 200
Ultima requisição: Thu Feb 24 16:56:21 2022
POST /20 HTTP/1.1
Host: localhost:8000
User-Agent: insomnia/2021.7.2
Accept: */*
Content-Length: 0

Status: 200
Ultima requisição: Thu Feb 24 16:56:21 2022
POST /20 HTTP/1.1
Host: localhost:8000
User-Agent: insomnia/2021.7.2
Accept: */*
Content-Length: 0

Status: 200
Ultima requisição: Thu Feb 24 16:56:21 2022
POST /20 HTTP/1.1
Host: localhost:8000
User-Agent: insomnia/2021.7.2
Accept: */*
Content-Length: 0

Status: 200
Ultima requisição: Thu Feb 24 16:56:21 2022
POST /20 HTTP/1.1
Host: localhost:8000
User-Agent: insomnia/2021.7.2
Accept: */*
Content-Length: 0

Status: 200
Ultima requisição: Thu Feb 24 16:56:22 2022
POST /20 HTTP/1.1
Host: localhost:8000
User-Agent: insomnia/2021.7.2
Accept: */*
Content-Length: 0

Status: 200
Ultima requisição: Thu Feb 24 16:56:22 2022
POST /20 HTTP/1.1
Host: localhost:8000
User-Agent: insomnia/2021.7.2
Accept: */*
Content-Length: 0

Status: 200
Ultima requisição: Thu Feb 24 16:56:22 2022
POST /20 HTTP/1.1
Host: localhost:8000
User-Agent: insomnia/2021.7.2
Accept: */*
Content-Length: 0

Status: 200
Ultima requisição: Thu Feb 24 16:56:22 2022
POST /20 HTTP/1.1
Host: localhost:8000
User-Agent: insomnia/2021.7.2
Accept: */*
Content-Length: 0

Status: 200
Ultima requisição: Thu Feb 24 16:56:22 2022
POST /20 HTTP/1.1
Host: localhost:8000
User-Agent: insomnia/2021.7.2
Accept: */*
Content-Length: 0

Status: 200
Ultima requisição: Thu Feb 24 16:56:22 2022
POST /20 HTTP/1.1
Host: localhost:8000
User-Agent: insomnia/2021.7.2
Accept: */*
Content-Length: 0

Status: 200
Ultima requisição: Thu Feb 24 16:56:22 2022
POST /20 HTTP/1.1
Host: localhost:8000
User-Agent: insomnia/2021.7.2
Accept: */*
Content-Length: 0

Status: 200
Ultima requisição: Thu Feb 24 16:56:22 2022
POST /20 HTTP/1.1
Host: localhost:8000
User-Agent: insomnia/2021.7.2
Accept: */*
Content-Length: 0

Status: 200
Ultima requisição: Thu Feb 24 16:56:22 2022
POST /20 HTTP/1.1
Host: localhost:8000
User-Agent: insomnia/2021.7.2
Accept: */*
Content-Length: 0

Status: 200
Ultima requisição: Thu Feb 24 16:56:22 2022
POST /20 HTTP/1.1
Host: localhost:8000
User-Agent: insomnia/2021.7.2
Accept: */*
Content-Length: 0

Status: 200
Ultima requisição: Thu Feb 24 16:56:22 2022
POST /20 HTTP/1.1
Host: localhost:8000
User-Agent: insomnia/2021.7.2
Accept: */*
Content-Length: 0

Status: 200
Ultima requisição: Thu Feb 24 16:56:22 2022
POST /20 HTTP/1.1
Host: localhost:8000
User-Agent: insomnia/2021.7.2
Accept: */*
Content-Length: 0

Status: 200
Ultima requisição: Thu Feb 24 16:56:23 2022
POST /20 HTTP/1.1
Host: localhost:8000
User-Agent: insomnia/2021.7.2
Accept: */*
Content-Length: 0

Status: 200
Ultima requisição: Thu Feb 24 16:56:23 2022
POST /20 HTTP/1.1
Host: localhost:8000
User-Agent: insomnia/2021.7.2
Accept: */*
Content-Length: 0

Status: 200
Ultima requisição: Thu Feb 24 16:56:23 2022
POST /20 HTTP/1.1
Host: localhost:8000
User-Agent: insomnia/2021.7.2
Accept: */*
Content-Length: 0

Status: 200
Ultima requisição: Thu Feb 24 16:56:23 2022
POST /20 HTTP/1.1
Host: localhost:8000
User-Agent: insomnia/2021.7.2
Accept: */*
Content-Length: 0

Status: 200
Ultima requisição: Thu Feb 24 16:56:23 2022
POST /20 HTTP/1.1
Host: localhost:8000
User-Agent: insomnia/2021.7.2
Accept: */*
Content-Length: 0

Status: 200
Ultima requisição: Thu Feb 24 17:01:56 2022
DELETE /4 HTTP/1.1
Host: localhost:8000
User-Agent: insomnia/2021.7.2
Accept: */*

Status: 200
Ultima requisição: Thu Feb 24 17:27:57 2022
GET / HTTP/1.1
Host: localhost:8000
User-Agent: insomnia/2021.7.2
Accept: */*

Status: 200
Ultima requisição: Thu Feb 24 17:28:03 2022
GET /4 HTTP/1.1
Host: localhost:8000
User-Agent: insomnia/2021.7.2
Accept: */*

Status: 200
Ultima requisição: Thu Feb 24 17:28:05 2022
GET /6 HTTP/1.1
Host: localhost:8000
User-Agent: insomnia/2021.7.2
Accept: */*

Status: 200
Ultima requisição: Thu Feb 24 17:28:08 2022
GET /10 HTTP/1.1
Host: localhost:8000
User-Agent: insomnia/2021.7.2
Accept: */*

Status: 200
Ultima requisição: Thu Feb 24 17:28:11 2022
GET /20 HTTP/1.1
Host: localhost:8000
User-Agent: insomnia/2021.7.2
Accept: */*

Status: 200
Ultima requisição: Thu Feb 24 17:28:17 2022
POST / HTTP/1.1
Host: localhost:8000
User-Agent: insomnia/2021.7.2
Accept: */*
Content-Length: 0

Status: 200
Ultima requisição: Thu Feb 24 17:28:19 2022
POST /4 HTTP/1.1
Host: localhost:8000
User-Agent: insomnia/2021.7.2
Accept: */*
Content-Length: 0

Status: 200
Ultima requisição: Thu Feb 24 17:28:25 2022
POST /6 HTTP/1.1
Host: localhost:8000
User-Agent: insomnia/2021.7.2
Accept: */*
Content-Length: 0

Status: 200
Ultima requisição: Thu Feb 24 17:28:28 2022
POST /10 HTTP/1.1
Host: localhost:8000
User-Agent: insomnia/2021.7.2
Accept: */*
Content-Length: 0

Status: 200
Ultima requisição: Thu Feb 24 17:28:30 2022
POST /20 HTTP/1.1
Host: localhost:8000
User-Agent: insomnia/2021.7.2
Accept: */*
Content-Length: 0

Status: 200
Ultima requisição: Thu Feb 24 17:28:34 2022
DELETE / HTTP/1.1
Host: localhost:8000
User-Agent: insomnia/2021.7.2
Accept: */*

Status: 200
Ultima requisição: Thu Feb 24 17:28:38 2022
DELETE /4 HTTP/1.1
Host: localhost:8000
User-Agent: insomnia/2021.7.2
Accept: */*

Status: 200
Ultima requisição: Thu Feb 24 17:28:40 2022
DELETE /6 HTTP/1.1
Host: localhost:8000
User-Agent: insomnia/2021.7.2
Accept: */*

Status: 200
Ultima requisição: Thu Feb 24 17:28:43 2022
DELETE /10 HTTP/1.1
Host: localhost:8000
User-Agent: insomnia/2021.7.2
Accept: */*

Status: 200
Ultima requisição: Thu Feb 24 17:28:45 2022
DELETE /20 HTTP/1.1
Host: localhost:8000
User-Agent: insomnia/2021.7.2
Accept: */*

Status: 200
Ultima requisição: Thu Feb 24 17:50:22 2022
GET /4 HTTP/1.1
Host: localhost:8000
User-Agent: insomnia/2021.7.2
Accept: */*

Status: 200
Ultima requisição: Thu Feb 24 17:50:30 2022
GET / HTTP/1.1
Host: localhost:8000
User-Agent: insomnia/2021.7.2
Accept: */*

Status: 200
Ultima requisição: Thu Feb 24 17:50:39 2022
GET / HTTP/1.1
Host: localhost:8000
User-Agent: insomnia/2021.7.2
Accept: */*

Status: 200
Ultima requisição: Thu Feb 24 17:50:39 2022
GET / HTTP/1.1
Host: localhost:8000
User-Agent: insomnia/2021.7.2
Accept: */*

Status: 200
Ultima requisição: Thu Feb 24 17:50:40 2022
GET / HTTP/1.1
Host: localhost:8000
User-Agent: insomnia/2021.7.2
Accept: */*

Status: 200
Ultima requisição: Thu Feb 24 17:50:40 2022
GET / HTTP/1.1
Host: localhost:8000
User-Agent: insomnia/2021.7.2
Accept: */*

Status: 200
Ultima requisição: Thu Feb 24 18:18:59 2022
GET / HTTP/1.1
Host: localhost:8000
User-Agent: insomnia/2021.7.2
Accept: */*

Status: 200
Ultima requisição: Thu Feb 24 18:18:59 2022
GET / HTTP/1.1
Host: localhost:8000
User-Agent: insomnia/2021.7.2
Accept: */*

Status: 200
Ultima requisição: Thu Feb 24 18:19:00 2022
GET / HTTP/1.1
Host: localhost:8000
User-Agent: insomnia/2021.7.2
Accept: */*

Status: 200
Ultima requisição: Thu Feb 24 18:19:00 2022
GET / HTTP/1.1
Host: localhost:8000
User-Agent: insomnia/2021.7.2
Accept: */*

Status: 200
Ultima requisição: Thu Feb 24 18:19:01 2022
GET / HTTP/1.1
Host: localhost:8000
User-Agent: insomnia/2021.7.2
Accept: */*

Status: 200
Ultima requisição: Thu Feb 24 18:19:01 2022
GET / HTTP/1.1
Host: localhost:8000
User-Agent: insomnia/2021.7.2
Accept: */*

Status: 200
Ultima requisição: Thu Feb 24 18:19:02 2022
GET / HTTP/1.1
Host: localhost:8000
User-Agent: insomnia/2021.7.2
Accept: */*

Status: 200
Ultima requisição: Thu Feb 24 18:19:02 2022
GET / HTTP/1.1
Host: localhost:8000
User-Agent: insomnia/2021.7.2
Accept: */*

Status: 200
Ultima requisição: Thu Feb 24 18:19:03 2022
GET / HTTP/1.1
Host: localhost:8000
User-Agent: insomnia/2021.7.2
Accept: */*

Status: 200
Ultima requisição: Thu Feb 24 18:19:03 2022
GET / HTTP/1.1
Host: localhost:8000
User-Agent: insomnia/2021.7.2
Accept: */*

Status: 200
Ultima requisição: Thu Feb 24 18:19:04 2022
GET / HTTP/1.1
Host: localhost:8000
User-Agent: insomnia/2021.7.2
Accept: */*

Status: 200
Ultima requisição: Thu Feb 24 18:19:04 2022
GET / HTTP/1.1
Host: localhost:8000
User-Agent: insomnia/2021.7.2
Accept: */*

Status: 200
Ultima requisição: Thu Feb 24 18:19:05 2022
GET / HTTP/1.1
Host: localhost:8000
User-Agent: insomnia/2021.7.2
Accept: */*

Status: 200
Ultima requisição: Thu Feb 24 18:19:06 2022
GET / HTTP/1.1
Host: localhost:8000
User-Agent: insomnia/2021.7.2
Accept: */*

Status: 200
Ultima requisição: Thu Feb 24 18:19:06 2022
GET / HTTP/1.1
Host: localhost:8000
User-Agent: insomnia/2021.7.2
Accept: */*

Status: 200
Ultima requisição: Thu Feb 24 18:19:06 2022
GET / HTTP/1.1
Host: localhost:8000
User-Agent: insomnia/2021.7.2
Accept: */*

Status: 200
Ultima requisição: Thu Feb 24 18:19:07 2022
GET / HTTP/1.1
Host: localhost:8000
User-Agent: insomnia/2021.7.2
Accept: */*

Status: 200
Ultima requisição: Thu Feb 24 18:19:07 2022
GET / HTTP/1.1
Host: localhost:8000
User-Agent: insomnia/2021.7.2
Accept: */*

Status: 200
Ultima requisição: Thu Feb 24 18:19:08 2022
GET / HTTP/1.1
Host: localhost:8000
User-Agent: insomnia/2021.7.2
Accept: */*

Status: 200
Ultima requisição: Thu Feb 24 18:19:08 2022
GET / HTTP/1.1
Host: localhost:8000
User-Agent: insomnia/2021.7.2
Accept: */*

Status: 200
Ultima requisição: Thu Feb 24 18:19:09 2022
GET / HTTP/1.1
Host: localhost:8000
User-Agent: insomnia/2021.7.2
Accept: */*

Status: 200
Ultima requisição: Thu Feb 24 18:19:09 2022
GET / HTTP/1.1
Host: localhost:8000
User-Agent: insomnia/2021.7.2
Accept: */*

Status: 200
Ultima requisição: Thu Feb 24 18:19:10 2022
GET / HTTP/1.1
Host: localhost:8000
User-Agent: insomnia/2021.7.2
Accept: */*

Status: 200
Ultima requisição: Thu Feb 24 18:19:10 2022
GET / HTTP/1.1
Host: localhost:8000
User-Agent: insomnia/2021.7.2
Accept: */*

Status: 200
Ultima requisição: Thu Feb 24 18:19:11 2022
GET / HTTP/1.1
Host: localhost:8000
User-Agent: insomnia/2021.7.2
Accept: */*

Status: 200
Ultima requisição: Thu Feb 24 18:19:11 2022
GET / HTTP/1.1
Host: localhost:8000
User-Agent: insomnia/2021.7.2
Accept: */*

Status: 200
Ultima requisição: Thu Feb 24 18:19:12 2022
GET / HTTP/1.1
Host: localhost:8000
User-Agent: insomnia/2021.7.2
Accept: */*

Status: 200
Ultima requisição: Thu Feb 24 18:19:12 2022
GET / HTTP/1.1
Host: localhost:8000
User-Agent: insomnia/2021.7.2
Accept: */*

Status: 200
Ultima requisição: Thu Feb 24 18:19:13 2022
GET / HTTP/1.1
Host: localhost:8000
User-Agent: insomnia/2021.7.2
Accept: */*

Status: 200
Ultima requisição: Thu Feb 24 18:19:13 2022
GET / HTTP/1.1
Host: localhost:8000
User-Agent: insomnia/2021.7.2
Accept: */*

Status: 200
Ultima requisição: Thu Feb 24 18:19:13 2022
GET / HTTP/1.1
Host: localhost:8000
User-Agent: insomnia/2021.7.2
Accept: */*

Status: 200
Ultima requisição: Thu Feb 24 18:19:14 2022
GET / HTTP/1.1
Host: localhost:8000
User-Agent: insomnia/2021.7.2
Accept: */*

Status: 200
Ultima requisição: Thu Feb 24 18:19:14 2022
GET / HTTP/1.1
Host: localhost:8000
User-Agent: insomnia/2021.7.2
Accept: */*

Status: 200
Ultima requisição: Thu Feb 24 18:19:15 2022
GET / HTTP/1.1
Host: localhost:8000
User-Agent: insomnia/2021.7.2
Accept: */*

Status: 200
Ultima requisição: Thu Feb 24 18:19:15 2022
GET / HTTP/1.1
Host: localhost:8000
User-Agent: insomnia/2021.7.2
Accept: */*

Status: 200
Ultima requisição: Thu Feb 24 18:19:16 2022
GET / HTTP/1.1
Host: localhost:8000
User-Agent: insomnia/2021.7.2
Accept: */*

Status: 200
Ultima requisição: Thu Feb 24 18:19:16 2022
GET / HTTP/1.1
Host: localhost:8000
User-Agent: insomnia/2021.7.2
Accept: */*

Status: 200
Ultima requisição: Thu Feb 24 18:19:16 2022
GET / HTTP/1.1
Host: localhost:8000
User-Agent: insomnia/2021.7.2
Accept: */*

Status: 200
Ultima requisição: Thu Feb 24 18:19:17 2022
GET / HTTP/1.1
Host: localhost:8000
User-Agent: insomnia/2021.7.2
Accept: */*

Status: 200
Ultima requisição: Thu Feb 24 18:19:17 2022
GET / HTTP/1.1
Host: localhost:8000
User-Agent: insomnia/2021.7.2
Accept: */*

Status: 200
Ultima requisição: Thu Feb 24 18:19:18 2022
GET / HTTP/1.1
Host: localhost:8000
User-Agent: insomnia/2021.7.2
Accept: */*

Status: 200
Ultima requisição: Thu Feb 24 18:19:18 2022
GET / HTTP/1.1
Host: localhost:8000
User-Agent: insomnia/2021.7.2
Accept: */*

Status: 200
Ultima requisição: Thu Feb 24 18:19:18 2022
GET / HTTP/1.1
Host: localhost:8000
User-Agent: insomnia/2021.7.2
Accept: */*

Status: 200
Ultima requisição: Thu Feb 24 18:19:19 2022
GET / HTTP/1.1
Host: localhost:8000
User-Agent: insomnia/2021.7.2
Accept: */*

Status: 200
Ultima requisição: Thu Feb 24 18:19:19 2022
GET / HTTP/1.1
Host: localhost:8000
User-Agent: insomnia/2021.7.2
Accept: */*

Status: 200
Ultima requisição: Thu Feb 24 18:19:20 2022
GET / HTTP/1.1
Host: localhost:8000
User-Agent: insomnia/2021.7.2
Accept: */*

Status: 200
Ultima requisição: Thu Feb 24 18:19:20 2022
GET / HTTP/1.1
Host: localhost:8000
User-Agent: insomnia/2021.7.2
Accept: */*

Status: 200
Ultima requisição: Thu Feb 24 18:19:20 2022
GET / HTTP/1.1
Host: localhost:8000
User-Agent: insomnia/2021.7.2
Accept: */*

Status: 200
Ultima requisição: Thu Feb 24 18:19:21 2022
GET / HTTP/1.1
Host: localhost:8000
User-Agent: insomnia/2021.7.2
Accept: */*

Status: 200
Ultima requisição: Thu Feb 24 18:19:21 2022
GET / HTTP/1.1
Host: localhost:8000
User-Agent: insomnia/2021.7.2
Accept: */*

Status: 200
Ultima requisição: Thu Feb 24 18:19:22 2022
GET / HTTP/1.1
Host: localhost:8000
User-Agent: insomnia/2021.7.2
Accept: */*

Status: 200
Ultima requisição: Thu Feb 24 18:19:22 2022
GET / HTTP/1.1
Host: localhost:8000
User-Agent: insomnia/2021.7.2
Accept: */*

Status: 200
Ultima requisição: Thu Feb 24 18:19:23 2022
GET / HTTP/1.1
Host: localhost:8000
User-Agent: insomnia/2021.7.2
Accept: */*

Status: 200
Ultima requisição: Thu Feb 24 18:19:23 2022
GET / HTTP/1.1
Host: localhost:8000
User-Agent: insomnia/2021.7.2
Accept: */*

Status: 200
Ultima requisição: Thu Feb 24 18:19:23 2022
GET / HTTP/1.1
Host: localhost:8000
User-Agent: insomnia/2021.7.2
Accept: */*

Status: 200
Ultima requisição: Thu Feb 24 18:19:24 2022
GET / HTTP/1.1
Host: localhost:8000
User-Agent: insomnia/2021.7.2
Accept: */*

Status: 200
Ultima requisição: Thu Feb 24 18:19:24 2022
GET / HTTP/1.1
Host: localhost:8000
User-Agent: insomnia/2021.7.2
Accept: */*

Status: 200
Ultima requisição: Thu Feb 24 18:19:24 2022
GET / HTTP/1.1
Host: localhost:8000
User-Agent: insomnia/2021.7.2
Accept: */*

Status: 200
Ultima requisição: Thu Feb 24 18:19:25 2022
GET / HTTP/1.1
Host: localhost:8000
User-Agent: insomnia/2021.7.2
Accept: */*

Status: 200
Ultima requisição: Thu Feb 24 18:19:25 2022
GET / HTTP/1.1
Host: localhost:8000
User-Agent: insomnia/2021.7.2
Accept: */*

Status: 200
Ultima requisição: Thu Feb 24 18:19:26 2022
GET / HTTP/1.1
Host: localhost:8000
User-Agent: insomnia/2021.7.2
Accept: */*

Status: 200
Ultima requisição: Thu Feb 24 18:19:26 2022
GET / HTTP/1.1
Host: localhost:8000
User-Agent: insomnia/2021.7.2
Accept: */*

Status: 200
Ultima requisição: Thu Feb 24 18:19:26 2022
GET / HTTP/1.1
Host: localhost:8000
User-Agent: insomnia/2021.7.2
Accept: */*

Status: 200
Ultima requisição: Thu Feb 24 18:19:27 2022
GET / HTTP/1.1
Host: localhost:8000
User-Agent: insomnia/2021.7.2
Accept: */*

Status: 200
Ultima requisição: Thu Feb 24 18:19:27 2022
GET / HTTP/1.1
Host: localhost:8000
User-Agent: insomnia/2021.7.2
Accept: */*

Status: 200
Ultima requisição: Thu Feb 24 18:19:28 2022
GET / HTTP/1.1
Host: localhost:8000
User-Agent: insomnia/2021.7.2
Accept: */*

Status: 200
Ultima requisição: Thu Feb 24 18:19:28 2022
GET / HTTP/1.1
Host: localhost:8000
User-Agent: insomnia/2021.7.2
Accept: */*

Status: 200
Ultima requisição: Thu Feb 24 18:19:28 2022
GET / HTTP/1.1
Host: localhost:8000
User-Agent: insomnia/2021.7.2
Accept: */*

Status: 200
Ultima requisição: Thu Feb 24 18:19:29 2022
GET / HTTP/1.1
Host: localhost:8000
User-Agent: insomnia/2021.7.2
Accept: */*

Status: 200
Ultima requisição: Thu Feb 24 18:19:29 2022
GET / HTTP/1.1
Host: localhost:8000
User-Agent: insomnia/2021.7.2
Accept: */*

Status: 200
Ultima requisição: Thu Feb 24 18:19:30 2022
GET / HTTP/1.1
Host: localhost:8000
User-Agent: insomnia/2021.7.2
Accept: */*

Status: 200
Ultima requisição: Thu Feb 24 18:19:30 2022
GET / HTTP/1.1
Host: localhost:8000
User-Agent: insomnia/2021.7.2
Accept: */*

Status: 200
Ultima requisição: Thu Feb 24 18:19:30 2022
GET / HTTP/1.1
Host: localhost:8000
User-Agent: insomnia/2021.7.2
Accept: */*

Status: 200
Ultima requisição: Thu Feb 24 19:54:48 2022
GET / HTTP/1.1
Host: localhost:8000
User-Agent: insomnia/2021.7.2
Accept: */*

Status: 200
Ultima requisição: Fri Feb 25 09:45:38 2022
GET /4 HTTP/1.1
Host: localhost:8000
User-Agent: insomnia/2021.7.2
Accept: */*

Status: 200
Ultima requisição: Fri Feb 25 09:46:32 2022
GET /4 HTTP/1.1
Host: localhost:8000
User-Agent: insomnia/2021.7.2
Accept: */*

Status: 200
Ultima requisição: Fri Feb 25 09:46:32 2022
GET /4 HTTP/1.1
Host: localhost:8000
User-Agent: insomnia/2021.7.2
Accept: */*

Status: 200
Ultima requisição: Fri Feb 25 09:46:33 2022
GET /4 HTTP/1.1
Host: localhost:8000
User-Agent: insomnia/2021.7.2
Accept: */*

Status: 200
Ultima requisição: Fri Feb 25 09:46:34 2022
GET /4 HTTP/1.1
Host: localhost:8000
User-Agent: insomnia/2021.7.2
Accept: */*

Status: 200
Ultima requisição: Fri Feb 25 09:51:16 2022
POST /6 HTTP/1.1
Host: localhost:8000
User-Agent: insomnia/2021.7.2
Accept: */*
Content-Length: 0

Status: 200
Ultima requisição: Fri Feb 25 09:51:16 2022
POST /6 HTTP/1.1
Host: localhost:8000
User-Agent: insomnia/2021.7.2
Accept: */*
Content-Length: 0

Status: 200
Ultima requisição: Fri Feb 25 09:51:17 2022
POST /6 HTTP/1.1
Host: localhost:8000
User-Agent: insomnia/2021.7.2
Accept: */*
Content-Length: 0

Status: 200
Ultima requisição: Fri Feb 25 09:51:17 2022
POST /6 HTTP/1.1
Host: localhost:8000
User-Agent: insomnia/2021.7.2
Accept: */*
Content-Length: 0

Status: 200
Ultima requisição: Fri Feb 25 09:51:18 2022
POST /6 HTTP/1.1
Host: localhost:8000
User-Agent: insomnia/2021.7.2
Accept: */*
Content-Length: 0

Status: 200
Ultima requisição: Fri Feb 25 09:51:19 2022
POST /6 HTTP/1.1
Host: localhost:8000
User-Agent: insomnia/2021.7.2
Accept: */*
Content-Length: 0

Status: 200
Ultima requisição: Fri Feb 25 09:51:19 2022
POST /6 HTTP/1.1
Host: localhost:8000
User-Agent: insomnia/2021.7.2
Accept: */*
Content-Length: 0

Status: 200
Ultima requisição: Fri Feb 25 09:51:20 2022
POST /6 HTTP/1.1
Host: localhost:8000
User-Agent: insomnia/2021.7.2
Accept: */*
Content-Length: 0

Status: 200
Ultima requisição: Fri Feb 25 13:34:27 2022
POST /banana HTTP/1.1
Host: localhost:8000
User-Agent: insomnia/2021.7.2
Accept: */*
Content-Length: 0

Status: 200
Ultima requisição: Fri Feb 25 18:46:30 2022
POST /banana HTTP/1.1
Host: localhost:8000
User-Agent: insomnia/2021.7.2
Accept: */*
Content-Length: 0

Status: 200
Ultima requisição: Fri Feb 25 18:46:56 2022
POST / HTTP/1.1
Host: localhost:8000
User-Agent: insomnia/2021.7.2
Accept: */*
Content-Length: 0

Status: 200
Ultima requisição: Fri Feb 25 18:57:20 2022
POST / HTTP/1.1
Host: localhost:8000
User-Agent: insomnia/2021.7.2
Accept: */*
Content-Length: 0

Status: 200
Ultima requisição: Fri Feb 25 20:09:39 2022
POST /4 HTTP/1.1
Host: localhost:8000
User-Agent: insomnia/2021.7.2
Accept: */*
Content-Length: 0

Status: 200
Ultima requisição: Fri Feb 25 20:09:42 2022
POST / HTTP/1.1
Host: localhost:8000
User-Agent: insomnia/2021.7.2
Accept: */*
Content-Length: 0

Status: 200
Ultima requisição: Fri Feb 25 20:10:05 2022
POST / HTTP/1.1
Host: localhost:8000
User-Agent: insomnia/2021.7.2
Accept: */*
Content-Length: 0

Status: 200
Ultima requisição: Fri Feb 25 20:10:05 2022
POST / HTTP/1.1
Host: localhost:8000
User-Agent: insomnia/2021.7.2
Accept: */*
Content-Length: 0

Status: 200
Ultima requisição: Fri Feb 25 20:10:15 2022
POST / HTTP/1.1
Host: localhost:8000
User-Agent: insomnia/2021.7.2
Accept: */*
Content-Length: 0

Status: 200
Ultima requisição: Fri Feb 25 20:10:16 2022
POST / HTTP/1.1
Host: localhost:8000
User-Agent: insomnia/2021.7.2
Accept: */*
Content-Length: 0

Status: 200
Ultima requisição: Fri Feb 25 20:14:45 2022
POST /asd HTTP/1.1
Host: localhost:8000
User-Agent: insomnia/2021.7.2
Accept: */*
Content-Length: 0

Status: 404
Ultima requisição: Fri Feb 25 20:15:28 2022
POST /asd HTTP/1.1
Host: localhost:8000
User-Agent: insomnia/2021.7.2
Accept: */*
Content-Length: 0

Status: 404
Ultima requisição: Fri Feb 25 20:15:28 2022
POST /asd HTTP/1.1
Host: localhost:8000
User-Agent: insomnia/2021.7.2
Accept: */*
Content-Length: 0

Status: 404
Ultima requisição: Fri Feb 25 20:31:03 2022
GET /asd HTTP/1.1
Host: localhost:8000
User-Agent: insomnia/2021.7.2
Accept: */*

Status: 404
Ultima requisição: Fri Feb 25 20:31:04 2022
GET /asd HTTP/1.1
Host: localhost:8000
User-Agent: insomnia/2021.7.2
Accept: */*

Status: 404
Ultima requisição: Fri Feb 25 20:31:04 2022
GET /asd HTTP/1.1
Host: localhost:8000
User-Agent: insomnia/2021.7.2
Accept: */*

Status: 404
Ultima requisição: Fri Feb 25 20:31:05 2022
GET /asd HTTP/1.1
Host: localhost:8000
User-Agent: insomnia/2021.7.2
Accept: */*

Status: 404
Ultima requisição: Fri Feb 25 20:31:05 2022
GET /asd HTTP/1.1
Host: localhost:8000
User-Agent: insomnia/2021.7.2
Accept: */*

Status: 404
Ultima requisição: Fri Feb 25 20:31:06 2022
GET /asd HTTP/1.1
Host: localhost:8000
User-Agent: insomnia/2021.7.2
Accept: */*

Status: 404
Ultima requisição: Fri Feb 25 20:31:07 2022
GET /asd HTTP/1.1
Host: localhost:8000
User-Agent: insomnia/2021.7.2
Accept: */*

Status: 404
Ultima requisição: Fri Feb 25 20:31:07 2022
GET /asd HTTP/1.1
Host: localhost:8000
User-Agent: insomnia/2021.7.2
Accept: */*

Status: 404
Ultima requisição: Fri Feb 25 20:31:08 2022
GET /asd HTTP/1.1
Host: localhost:8000
User-Agent: insomnia/2021.7.2
Accept: */*

Status: 404
Ultima requisição: Fri Feb 25 20:31:11 2022
POST /asd HTTP/1.1
Host: localhost:8000
User-Agent: insomnia/2021.7.2
Accept: */*
Content-Length: 0

Status: 404
Ultima requisição: Fri Feb 25 20:31:12 2022
POST /asd HTTP/1.1
Host: localhost:8000
User-Agent: insomnia/2021.7.2
Accept: */*
Content-Length: 0

Status: 404
Ultima requisição: Fri Feb 25 20:31:12 2022
POST /asd HTTP/1.1
Host: localhost:8000
User-Agent: insomnia/2021.7.2
Accept: */*
Content-Length: 0

Status: 404
Ultima requisição: Fri Feb 25 20:31:13 2022
POST /asd HTTP/1.1
Host: localhost:8000
User-Agent: insomnia/2021.7.2
Accept: */*
Content-Length: 0

Status: 404
Ultima requisição: Fri Feb 25 20:31:13 2022
POST /asd HTTP/1.1
Host: localhost:8000
User-Agent: insomnia/2021.7.2
Accept: */*
Content-Length: 0

Status: 404
Ultima requisição: Fri Feb 25 20:31:14 2022
POST /asd HTTP/1.1
Host: localhost:8000
User-Agent: insomnia/2021.7.2
Accept: */*
Content-Length: 0

Status: 404
Ultima requisição: Fri Feb 25 20:31:14 2022
POST /asd HTTP/1.1
Host: localhost:8000
User-Agent: insomnia/2021.7.2
Accept: */*
Content-Length: 0

Status: 404
Ultima requisição: Fri Feb 25 20:31:15 2022
POST /asd HTTP/1.1
Host: localhost:8000
User-Agent: insomnia/2021.7.2
Accept: */*
Content-Length: 0

Status: 404
Ultima requisição: Fri Feb 25 20:31:17 2022
DELETE /asd HTTP/1.1
Host: localhost:8000
User-Agent: insomnia/2021.7.2
Accept: */*

Status: 404
Ultima requisição: Fri Feb 25 20:31:18 2022
DELETE /asd HTTP/1.1
Host: localhost:8000
User-Agent: insomnia/2021.7.2
Accept: */*

Status: 404
Ultima requisição: Fri Feb 25 20:31:18 2022
DELETE /asd HTTP/1.1
Host: localhost:8000
User-Agent: insomnia/2021.7.2
Accept: */*

Status: 404
Ultima requisição: Fri Feb 25 20:31:19 2022
DELETE /asd HTTP/1.1
Host: localhost:8000
User-Agent: insomnia/2021.7.2
Accept: */*

Status: 404
Ultima requisição: Fri Feb 25 20:31:19 2022
DELETE /asd HTTP/1.1
Host: localhost:8000
User-Agent: insomnia/2021.7.2
Accept: */*

Status: 404
Ultima requisição: Fri Feb 25 20:31:20 2022
DELETE /asd HTTP/1.1
Host: localhost:8000
User-Agent: insomnia/2021.7.2
Accept: */*

Status: 404
Ultima requisição: Fri Feb 25 20:31:20 2022
DELETE /asd HTTP/1.1
Host: localhost:8000
User-Agent: insomnia/2021.7.2
Accept: */*

Status: 404
Ultima requisição: Fri Feb 25 20:31:33 2022
DELETE /asd HTTP/1.1
Host: localhost:8000
User-Agent: insomnia/2021.7.2
Accept: */*

Status: 404
Ultima requisição: Fri Feb 25 20:33:37 2022
DELETE /asd HTTP/1.1
Host: localhost:8000
User-Agent: insomnia/2021.7.2
Accept: */*

Status: 404
Ultima requisição: Fri Feb 25 20:39:37 2022
DELETE /asd HTTP/1.1
Host: localhost:8000
User-Agent: insomnia/2021.7.2
Accept: */*

Status: 404
Ultima requisição: Fri Feb 25 20:39:59 2022
GET /asd HTTP/1.1
Host: localhost:8000
User-Agent: insomnia/2021.7.2
Accept: */*

Status: 404
Ultima requisição: Fri Feb 25 20:40:00 2022
GET /asd HTTP/1.1
Host: localhost:8000
User-Agent: insomnia/2021.7.2
Accept: */*

Status: 404
Ultima requisição: Fri Feb 25 20:40:00 2022
GET /asd HTTP/1.1
Host: localhost:8000
User-Agent: insomnia/2021.7.2
Accept: */*

Status: 404
Ultima requisição: Fri Feb 25 20:40:01 2022
GET /asd HTTP/1.1
Host: localhost:8000
User-Agent: insomnia/2021.7.2
Accept: */*

Status: 404
Ultima requisição: Fri Feb 25 20:52:07 2022
POST /asd HTTP/1.1
Host: localhost:8000
User-Agent: insomnia/2021.7.2
Accept: */*
Content-Length: 0

Status: 404
Ultima requisição: Fri Feb 25 20:52:09 2022
POST /asd HTTP/1.1
Host: localhost:8000
User-Agent: insomnia/2021.7.2
Accept: */*
Content-Length: 0

Status: 200
Ultima requisição: Fri Feb 25 21:03:09 2022
GET /4 HTTP/1.1
Host: localhost:8000
User-Agent: insomnia/2021.7.2
Accept: */*

Status: 200
Ultima requisição: Fri Feb 25 21:03:45 2022
GET /4 HTTP/1.1
Host: localhost:8000
User-Agent: insomnia/2021.7.2
Accept: */*

Status: 200
Ultima requisição: Fri Feb 25 21:03:47 2022
GET / HTTP/1.1
Host: localhost:8000
User-Agent: insomnia/2021.7.2
Accept: */*

Status: 200
Ultima requisição: Fri Feb 25 21:03:48 2022
GET / HTTP/1.1
Host: localhost:8000
User-Agent: insomnia/2021.7.2
Accept: */*

Status: 200
Ultima requisição: Fri Feb 25 22:24:14 2022
GET /4 HTTP/1.1
Host: localhost:8000
User-Agent: insomnia/2021.7.2
Accept: */*

Status: 200
Ultima requisição: Fri Feb 25 22:24:21 2022
GET / HTTP/1.1
Host: localhost:8000
User-Agent: insomnia/2021.7.2
Accept: */*

Status: 200
Ultima requisição: Fri Feb 25 22:46:43 2022
GET / HTTP/1.1
Host: localhost:8000
User-Agent: insomnia/2021.7.2
Accept: */*

Status: 200
Ultima requisição: Fri Feb 25 22:46:44 2022
GET / HTTP/1.1
Host: localhost:8000
User-Agent: insomnia/2021.7.2
Accept: */*

Status: 200
Ultima requisição: Fri Feb 25 22:46:45 2022
GET / HTTP/1.1
Host: localhost:8000
User-Agent: insomnia/2021.7.2
Accept: */*

Status: 200
Ultima requisição: Fri Feb 25 22:46:45 2022
GET / HTTP/1.1
Host: localhost:8000
User-Agent: insomnia/2021.7.2
Accept: */*

Status: 200
Ultima requisição: Fri Feb 25 22:46:54 2022
GET / HTTP/1.1
Host: localhost:8000
User-Agent: insomnia/2021.7.2
Accept: */*

Status: 200
Ultima requisição: Fri Feb 25 22:47:36 2022
GET / HTTP/1.1
Host: localhost:8000
User-Agent: insomnia/2021.7.2
Accept: */*

Status: 200
Ultima requisição: Fri Feb 25 22:47:37 2022
GET / HTTP/1.1
Host: localhost:8000
User-Agent: insomnia/2021.7.2
Accept: */*

Status: 200
Ultima requisição: Fri Feb 25 22:47:37 2022
GET / HTTP/1.1
Host: localhost:8000
User-Agent: insomnia/2021.7.2
Accept: */*

Status: 200
Ultima requisição: Fri Feb 25 22:47:47 2022
GET / HTTP/1.1
Host: localhost:8000
User-Agent: insomnia/2021.7.2
Accept: */*

Status: 200
Ultima requisição: Fri Feb 25 22:47:47 2022
GET / HTTP/1.1
Host: localhost:8000
User-Agent: insomnia/2021.7.2
Accept: */*

Status: 200
Ultima requisição: Fri Feb 25 22:47:48 2022
GET / HTTP/1.1
Host: localhost:8000
User-Agent: insomnia/2021.7.2
Accept: */*

Status: 200
Ultima requisição: Fri Feb 25 22:48:02 2022
GET / HTTP/1.1
Host: localhost:8000
User-Agent: insomnia/2021.7.2
Accept: */*

Status: 200
Ultima requisição: Fri Feb 25 22:48:04 2022
GET / HTTP/1.1
Host: localhost:8000
User-Agent: insomnia/2021.7.2
Accept: */*

Status: 200
Ultima requisição: Fri Feb 25 22:48:04 2022
GET / HTTP/1.1
Host: localhost:8000
User-Agent: insomnia/2021.7.2
Accept: */*

Status: 200
Ultima requisição: Fri Feb 25 22:48:17 2022
GET / HTTP/1.1
Host: localhost:8000
User-Agent: insomnia/2021.7.2
Accept: */*

Status: 200
Ultima requisição: Fri Feb 25 22:48:48 2022
GET / HTTP/1.1
Host: localhost:8000
User-Agent: insomnia/2021.7.2
Accept: */*

Status: 200
Ultima requisição: Fri Feb 25 22:56:40 2022
GET / HTTP/1.1
Host: localhost:8000
User-Agent: insomnia/2021.7.2
Accept: */*

Status: 200
Ultima requisição: Fri Feb 25 22:56:41 2022
GET / HTTP/1.1
Host: localhost:8000
User-Agent: insomnia/2021.7.2
Accept: */*

Status: 200
Ultima requisição: Fri Feb 25 22:57:48 2022
GET / HTTP/1.1
Host: localhost:8000
User-Agent: insomnia/2021.7.2
Accept: */*

Status: 200
Ultima requisição: Fri Feb 25 22:57:49 2022
GET / HTTP/1.1
Host: localhost:8000
User-Agent: insomnia/2021.7.2
Accept: */*

Status: 200
Ultima requisição: Fri Feb 25 22:58:14 2022
GET / HTTP/1.1
Host: localhost:8000
User-Agent: insomnia/2021.7.2
Accept: */*

Status: 200
Ultima requisição: Fri Feb 25 22:58:56 2022
GET / HTTP/1.1
Host: localhost:8000
User-Agent: insomnia/2021.7.2
Accept: */*

Status: 200
Ultima requisição: Sat Feb 26 11:17:20 2022
DELETE /4 HTTP/1.1
Host: localhost:8000
User-Agent: insomnia/2021.7.2
Accept: */*

Status: 200
Ultima requisição: Sat Feb 26 11:17:20 2022
DELETE /4 HTTP/1.1
Host: localhost:8000
User-Agent: insomnia/2021.7.2
Accept: */*

Status: 200
Ultima requisição: Sat Feb 26 11:17:21 2022
DELETE /4 HTTP/1.1
Host: localhost:8000
User-Agent: insomnia/2021.7.2
Accept: */*

Status: 200
Ultima requisição: Sat Feb 26 11:17:21 2022
DELETE /4 HTTP/1.1
Host: localhost:8000
User-Agent: insomnia/2021.7.2
Accept: */*

Status: 200
Ultima requisição: Sat Feb 26 11:17:22 2022
DELETE /4 HTTP/1.1
Host: localhost:8000
User-Agent: insomnia/2021.7.2
Accept: */*

Status: 200
Ultima requisição: Sat Feb 26 11:17:22 2022
DELETE /4 HTTP/1.1
Host: localhost:8000
User-Agent: insomnia/2021.7.2
Accept: */*

Status: 200
Ultima requisição: Sat Feb 26 11:17:23 2022
DELETE /4 HTTP/1.1
Host: localhost:8000
User-Agent: insomnia/2021.7.2
Accept: */*

Status: 200
Ultima requisição: Sat Feb 26 11:17:23 2022
DELETE /4 HTTP/1.1
Host: localhost:8000
User-Agent: insomnia/2021.7.2
Accept: */*

Status: 200
Ultima requisição: Sat Feb 26 11:17:24 2022
DELETE /4 HTTP/1.1
Host: localhost:8000
User-Agent: insomnia/2021.7.2
Accept: */*

Status: 200
Ultima requisição: Sat Feb 26 11:17:24 2022
DELETE /4 HTTP/1.1
Host: localhost:8000
User-Agent: insomnia/2021.7.2
Accept: */*

Status: 200
Ultima requisição: Sat Feb 26 11:17:25 2022
DELETE /4 HTTP/1.1
Host: localhost:8000
User-Agent: insomnia/2021.7.2
Accept: */*

Status: 200
Ultima requisição: Sat Feb 26 11:17:28 2022
DELETE /6 HTTP/1.1
Host: localhost:8000
User-Agent: insomnia/2021.7.2
Accept: */*

Status: 200
Ultima requisição: Sat Feb 26 11:17:28 2022
DELETE /6 HTTP/1.1
Host: localhost:8000
User-Agent: insomnia/2021.7.2
Accept: */*

Status: 200
Ultima requisição: Sat Feb 26 11:17:28 2022
DELETE /6 HTTP/1.1
Host: localhost:8000
User-Agent: insomnia/2021.7.2
Accept: */*

Status: 200
Ultima requisição: Sat Feb 26 11:17:29 2022
DELETE /6 HTTP/1.1
Host: localhost:8000
User-Agent: insomnia/2021.7.2
Accept: */*

Status: 200
Ultima requisição: Sat Feb 26 11:17:30 2022
DELETE /6 HTTP/1.1
Host: localhost:8000
User-Agent: insomnia/2021.7.2
Accept: */*

Status: 200
Ultima requisição: Sat Feb 26 11:17:30 2022
DELETE /6 HTTP/1.1
Host: localhost:8000
User-Agent: insomnia/2021.7.2
Accept: */*

Status: 200
Ultima requisição: Sat Feb 26 11:17:31 2022
DELETE /6 HTTP/1.1
Host: localhost:8000
User-Agent: insomnia/2021.7.2
Accept: */*

Status: 200
Ultima requisição: Sat Feb 26 11:17:31 2022
DELETE /6 HTTP/1.1
Host: localhost:8000
User-Agent: insomnia/2021.7.2
Accept: */*

Status: 200
Ultima requisição: Sat Feb 26 11:17:32 2022
DELETE /6 HTTP/1.1
Host: localhost:8000
User-Agent: insomnia/2021.7.2
Accept: */*

Status: 200
Ultima requisição: Sat Feb 26 11:17:32 2022
DELETE /6 HTTP/1.1
Host: localhost:8000
User-Agent: insomnia/2021.7.2
Accept: */*

Status: 200
Ultima requisição: Sat Feb 26 11:17:33 2022
DELETE /6 HTTP/1.1
Host: localhost:8000
User-Agent: insomnia/2021.7.2
Accept: */*

Status: 200
Ultima requisição: Sat Feb 26 11:17:33 2022
DELETE /6 HTTP/1.1
Host: localhost:8000
User-Agent: insomnia/2021.7.2
Accept: */*

Status: 200
Ultima requisição: Sat Feb 26 11:17:36 2022
DELETE /10 HTTP/1.1
Host: localhost:8000
User-Agent: insomnia/2021.7.2
Accept: */*

Status: 200
Ultima requisição: Sat Feb 26 11:17:36 2022
DELETE /10 HTTP/1.1
Host: localhost:8000
User-Agent: insomnia/2021.7.2
Accept: */*

Status: 200
Ultima requisição: Sat Feb 26 11:17:37 2022
DELETE /10 HTTP/1.1
Host: localhost:8000
User-Agent: insomnia/2021.7.2
Accept: */*

Status: 200
Ultima requisição: Sat Feb 26 11:17:37 2022
DELETE /10 HTTP/1.1
Host: localhost:8000
User-Agent: insomnia/2021.7.2
Accept: */*

Status: 200
Ultima requisição: Sat Feb 26 11:17:38 2022
DELETE /10 HTTP/1.1
Host: localhost:8000
User-Agent: insomnia/2021.7.2
Accept: */*

Status: 200
Ultima requisição: Sat Feb 26 11:17:38 2022
DELETE /10 HTTP/1.1
Host: localhost:8000
User-Agent: insomnia/2021.7.2
Accept: */*

Status: 200
Ultima requisição: Sat Feb 26 11:17:39 2022
DELETE /10 HTTP/1.1
Host: localhost:8000
User-Agent: insomnia/2021.7.2
Accept: */*

Status: 200
Ultima requisição: Sat Feb 26 11:17:39 2022
DELETE /10 HTTP/1.1
Host: localhost:8000
User-Agent: insomnia/2021.7.2
Accept: */*

Status: 200
Ultima requisição: Sat Feb 26 11:17:40 2022
DELETE /10 HTTP/1.1
Host: localhost:8000
User-Agent: insomnia/2021.7.2
Accept: */*

Status: 200
Ultima requisição: Sat Feb 26 11:17:41 2022
DELETE /10 HTTP/1.1
Host: localhost:8000
User-Agent: insomnia/2021.7.2
Accept: */*

Status: 200
Ultima requisição: Sat Feb 26 11:17:41 2022
DELETE /10 HTTP/1.1
Host: localhost:8000
User-Agent: insomnia/2021.7.2
Accept: */*

Status: 200
Ultima requisição: Sat Feb 26 11:17:42 2022
DELETE /10 HTTP/1.1
Host: localhost:8000
User-Agent: insomnia/2021.7.2
Accept: */*

Status: 200
Ultima requisição: Sat Feb 26 11:17:44 2022
DELETE /20 HTTP/1.1
Host: localhost:8000
User-Agent: insomnia/2021.7.2
Accept: */*

Status: 200
Ultima requisição: Sat Feb 26 11:17:45 2022
DELETE /20 HTTP/1.1
Host: localhost:8000
User-Agent: insomnia/2021.7.2
Accept: */*

Status: 200
Ultima requisição: Sat Feb 26 11:17:45 2022
DELETE /20 HTTP/1.1
Host: localhost:8000
User-Agent: insomnia/2021.7.2
Accept: */*

Status: 200
Ultima requisição: Sat Feb 26 11:17:46 2022
DELETE /20 HTTP/1.1
Host: localhost:8000
User-Agent: insomnia/2021.7.2
Accept: */*

Status: 200
Ultima requisição: Sat Feb 26 11:17:46 2022
DELETE /20 HTTP/1.1
Host: localhost:8000
User-Agent: insomnia/2021.7.2
Accept: */*

Status: 200
Ultima requisição: Sat Feb 26 11:17:47 2022
DELETE /20 HTTP/1.1
Host: localhost:8000
User-Agent: insomnia/2021.7.2
Accept: */*

Status: 200
Ultima requisição: Sat Feb 26 11:17:48 2022
DELETE /20 HTTP/1.1
Host: localhost:8000
User-Agent: insomnia/2021.7.2
Accept: */*

Status: 200
Ultima requisição: Sat Feb 26 11:17:48 2022
DELETE /20 HTTP/1.1
Host: localhost:8000
User-Agent: insomnia/2021.7.2
Accept: */*

Status: 200
Ultima requisição: Sat Feb 26 11:17:49 2022
DELETE /20 HTTP/1.1
Host: localhost:8000
User-Agent: insomnia/2021.7.2
Accept: */*

Status: 200
Ultima requisição: Sat Feb 26 11:17:49 2022
DELETE /20 HTTP/1.1
Host: localhost:8000
User-Agent: insomnia/2021.7.2
Accept: */*

Status: 200
Ultima requisição: Sat Feb 26 11:17:50 2022
DELETE /20 HTTP/1.1
Host: localhost:8000
User-Agent: insomnia/2021.7.2
Accept: */*

Status: 200
Ultima requisição: Sat Feb 26 11:17:50 2022
DELETE /20 HTTP/1.1
Host: localhost:8000
User-Agent: insomnia/2021.7.2
Accept: */*

Status: 404
Ultima requisição: Sat Feb 26 11:18:26 2022
DELETE /TESTE HTTP/1.1
Host: localhost:8000
User-Agent: insomnia/2021.7.2
Accept: */*

Status: 404
Ultima requisição: Sat Feb 26 11:18:26 2022
DELETE /TESTE HTTP/1.1
Host: localhost:8000
User-Agent: insomnia/2021.7.2
Accept: */*

Status: 404
Ultima requisição: Sat Feb 26 11:18:51 2022
DELETE /TESTE HTTP/1.1
Host: localhost:8000
User-Agent: insomnia/2021.7.2
Accept: */*

Status: 404
Ultima requisição: Sat Feb 26 11:19:08 2022
DELETE /TESTE HTTP/1.1
Host: localhost:8000
User-Agent: insomnia/2021.7.2
Accept: */*

Status: 404
Ultima requisição: Sat Feb 26 11:19:09 2022
DELETE /TESTE HTTP/1.1
Host: localhost:8000
User-Agent: insomnia/2021.7.2
Accept: */*

Status: 404
Ultima requisição: Sat Feb 26 11:20:25 2022
GET /TESTE HTTP/1.1
Host: localhost:8000
User-Agent: insomnia/2021.7.2
Accept: */*

Status: 404
Ultima requisição: Sat Feb 26 11:20:29 2022
POST /TESTE HTTP/1.1
Host: localhost:8000
User-Agent: insomnia/2021.7.2
Accept: */*
Content-Length: 0

Status: 404
Ultima requisição: Sat Feb 26 11:20:32 2022
DELETE /TESTE HTTP/1.1
Host: localhost:8000
User-Agent: insomnia/2021.7.2
Accept: */*

Status: 404
Ultima requisição: Sat Feb 26 11:20:47 2022
DELETE /TESTE HTTP/1.1
Host: localhost:8000
User-Agent: insomnia/2021.7.2
Accept: */*

Status: 404
Ultima requisição: Sat Feb 26 11:20:48 2022
DELETE /TESTE HTTP/1.1
Host: localhost:8000
User-Agent: insomnia/2021.7.2
Accept: */*

Status: 404
Ultima requisição: Sat Feb 26 11:20:48 2022
DELETE /TESTE HTTP/1.1
Host: localhost:8000
User-Agent: insomnia/2021.7.2
Accept: */*

Status: 404
Ultima requisição: Sat Feb 26 11:20:49 2022
DELETE /TESTE HTTP/1.1
Host: localhost:8000
User-Agent: insomnia/2021.7.2
Accept: */*

Status: 404
Ultima requisição: Sat Feb 26 11:21:14 2022
DELETE /ola HTTP/1.1
Host: localhost:8000
User-Agent: insomnia/2021.7.2
Accept: */*

Status: 404
Ultima requisição: Sat Feb 26 11:21:15 2022
DELETE /ola HTTP/1.1
Host: localhost:8000
User-Agent: insomnia/2021.7.2
Accept: */*

Status: 404
Ultima requisição: Sat Feb 26 11:21:15 2022
DELETE /ola HTTP/1.1
Host: localhost:8000
User-Agent: insomnia/2021.7.2
Accept: */*

Status: 404
Ultima requisição: Sat Feb 26 11:21:16 2022
DELETE /ola HTTP/1.1
Host: localhost:8000
User-Agent: insomnia/2021.7.2
Accept: */*

Status: 404
Ultima requisição: Sat Feb 26 11:21:16 2022
DELETE /ola HTTP/1.1
Host: localhost:8000
User-Agent: insomnia/2021.7.2
Accept: */*

Status: 404
Ultima requisição: Sat Feb 26 11:21:16 2022
DELETE /ola HTTP/1.1
Host: localhost:8000
User-Agent: insomnia/2021.7.2
Accept: */*

Status: 404
Ultima requisição: Sat Feb 26 11:21:17 2022
DELETE /ola HTTP/1.1
Host: localhost:8000
User-Agent: insomnia/2021.7.2
Accept: */*

Status: 404
Ultima requisição: Sat Feb 26 11:21:17 2022
DELETE /ola HTTP/1.1
Host: localhost:8000
User-Agent: insomnia/2021.7.2
Accept: */*

Status: 404
Ultima requisição: Sat Feb 26 11:24:14 2022
DELETE /ola HTTP/1.1
Host: localhost:8000
User-Agent: insomnia/2021.7.2
Accept: */*

Status: 404
Ultima requisição: Sat Feb 26 11:24:42 2022
DELETE /ola HTTP/1.1
Host: localhost:8000
User-Agent: insomnia/2021.7.2
Accept: */*

Status: 404
Ultima requisição: Sat Feb 26 11:28:47 2022
GET /ola HTTP/1.1
Host: localhost:8000
User-Agent: insomnia/2021.7.2
Accept: */*

Status: 404
Ultima requisição: Sat Feb 26 11:31:10 2022
POST /ola HTTP/1.1
Host: localhost:8000
User-Agent: insomnia/2021.7.2
Accept: */*
Content-Length: 0

Status: 404
Ultima requisição: Sat Feb 26 11:31:27 2022
POST /ola HTTP/1.1
Host: localhost:8000
User-Agent: insomnia/2021.7.2
Accept: */*
Content-Length: 0

Status: 404
Ultima requisição: Sat Feb 26 11:32:30 2022
POST /ola HTTP/1.1
Host: localhost:8000
User-Agent: insomnia/2021.7.2
Accept: */*
Content-Length: 0

Status: 404
Ultima requisição: Sat Feb 26 11:32:40 2022
DELETE /ola HTTP/1.1
Host: localhost:8000
User-Agent: insomnia/2021.7.2
Accept: */*

Status: 404
Ultima requisição: Sat Feb 26 11:33:51 2022
DELETE /ola HTTP/1.1
Host: localhost:8000
User-Agent: insomnia/2021.7.2
Accept: */*

Status: 404
Ultima requisição: Sat Feb 26 11:34:03 2022
DELETE /ola HTTP/1.1
Host: localhost:8000
User-Agent: insomnia/2021.7.2
Accept: */*

Status: 404
Ultima requisição: Sat Feb 26 11:36:31 2022
POST /ola HTTP/1.1
Host: localhost:8000
User-Agent: insomnia/2021.7.2
Accept: */*
Content-Length: 0

Status: 404
Ultima requisição: Sat Feb 26 11:39:24 2022
POST /ola HTTP/1.1
Host: localhost:8000
User-Agent: insomnia/2021.7.2
Accept: */*
Content-Length: 0

Status: 404
Ultima requisição: Sat Feb 26 11:40:06 2022
POST /ola HTTP/1.1
Host: localhost:8000
User-Agent: insomnia/2021.7.2
Accept: */*
Content-Length: 0

Status: 404
Ultima requisição: Sat Feb 26 11:41:18 2022
GET /ola HTTP/1.1
Host: localhost:8000
User-Agent: insomnia/2021.7.2
Accept: */*

Status: 200
Ultima requisição: Sat Feb 26 11:43:29 2022
GET /20 HTTP/1.1
Host: localhost:8000
User-Agent: insomnia/2021.7.2
Accept: */*

Status: 200
Ultima requisição: Sat Feb 26 11:43:42 2022
POST /10 HTTP/1.1
Host: localhost:8000
User-Agent: insomnia/2021.7.2
Accept: */*
Content-Length: 0

Status: 200
Ultima requisição: Sat Feb 26 11:43:54 2022
DELETE / HTTP/1.1
Host: localhost:8000
User-Agent: insomnia/2021.7.2
Accept: */*

Status: 404
Ultima requisição: Sat Feb 26 11:53:21 2022
DELETE /asd HTTP/1.1
Host: localhost:8000
User-Agent: insomnia/2021.7.2
Accept: */*

Status: 200
Ultima requisição: Sat Feb 26 12:38:08 2022
GET /20 HTTP/1.1
Host: localhost:8000
User-Agent: insomnia/2021.7.2
Accept: */*

Status: 404
Ultima requisição: Sat Feb 26 12:38:24 2022
GET /TESTE HTTP/1.1
Host: localhost:8000
User-Agent: insomnia/2021.7.2
Accept: */*

